[NX v20.5.0 Daemon Server] - 2025-03-07T06:07:40.548Z - Started listening on: /tmp/nix-shell.h1KYWK/42e25451e37e435b5d84/d.sock
[NX v20.5.0 Daemon Server] - 2025-03-07T06:07:40.549Z - [WATCHER]: Subscribed to changes within: /home/waynevanson/code/waynevanson/js (native)
[NX v20.5.0 Daemon Server] - 2025-03-07T06:07:40.555Z - Established a connection. Number of open connections: 1
[NX v20.5.0 Daemon Server] - 2025-03-07T06:07:40.555Z - Established a connection. Number of open connections: 2
[NX v20.5.0 Daemon Server] - 2025-03-07T06:07:40.556Z - Closed a connection. Number of open connections: 1
[NX v20.5.0 Daemon Server] - 2025-03-07T06:07:40.557Z - [REQUEST]: Client Request for Project Graph Received
[NX v20.5.0 Daemon Server] - 2025-03-07T06:07:40.564Z - [REQUEST]: Updated workspace context based on watched changes, recomputing project graph...
[NX v20.5.0 Daemon Server] - 2025-03-07T06:07:40.564Z - [REQUEST]: 
[NX v20.5.0 Daemon Server] - 2025-03-07T06:07:40.565Z - [REQUEST]: 
[NX v20.5.0 Daemon Server] - 2025-03-07T06:07:40.843Z - [SYNC]: collect registered sync generators
[NX v20.5.0 Daemon Server] - 2025-03-07T06:07:40.844Z - [REQUEST]: Responding to the client. project-graph
[NX v20.5.0 Daemon Server] - 2025-03-07T06:07:40.844Z - Time taken for 'total for creating and serializing project graph' 286.440823ms
[NX v20.5.0 Daemon Server] - 2025-03-07T06:07:40.846Z - Done responding to the client project-graph
[NX v20.5.0 Daemon Server] - 2025-03-07T06:07:40.846Z - Handled REQUEST_PROJECT_GRAPH. Handling time: 287. Response time: 2.
[NX v20.5.0 Daemon Server] - 2025-03-07T06:07:40.851Z - [REQUEST]: Responding to the client. handleContextFileData
[NX v20.5.0 Daemon Server] - 2025-03-07T06:07:40.851Z - Done responding to the client handleContextFileData
[NX v20.5.0 Daemon Server] - 2025-03-07T06:07:40.851Z - Handled GET_CONTEXT_FILE_DATA. Handling time: 0. Response time: 0.
[NX v20.5.0 Daemon Server] - 2025-03-07T06:07:40.873Z - [REQUEST]: Client Request for Project Graph Received
[NX v20.5.0 Daemon Server] - 2025-03-07T06:07:40.873Z - [REQUEST]: Responding to the client. project-graph
[NX v20.5.0 Daemon Server] - 2025-03-07T06:07:40.873Z - Time taken for 'total for creating and serializing project graph' 0.3539409999999634ms
[NX v20.5.0 Daemon Server] - 2025-03-07T06:07:40.874Z - Done responding to the client project-graph
[NX v20.5.0 Daemon Server] - 2025-03-07T06:07:40.874Z - Handled REQUEST_PROJECT_GRAPH. Handling time: 0. Response time: 1.
[NX v20.5.0 Daemon Server] - 2025-03-07T06:07:40.877Z - [REQUEST]: Responding to the client. handleRunPreTasksExecution
[NX v20.5.0 Daemon Server] - 2025-03-07T06:07:40.877Z - Done responding to the client handleRunPreTasksExecution
[NX v20.5.0 Daemon Server] - 2025-03-07T06:07:40.877Z - Handled PRE_TASKS_EXECUTION. Handling time: 0. Response time: 0.
[NX v20.5.0 Daemon Server] - 2025-03-07T06:07:40.877Z - Time taken for 'preTasksExecution' 0.3005719999999883ms
[NX v20.5.0 Daemon Server] - 2025-03-07T06:07:40.909Z - [REQUEST]: Responding to the client. handleHashTasks
[NX v20.5.0 Daemon Server] - 2025-03-07T06:07:40.910Z - Done responding to the client handleHashTasks
[NX v20.5.0 Daemon Server] - 2025-03-07T06:07:40.910Z - Handled HASH_TASKS. Handling time: 7. Response time: 1.
[NX v20.5.0 Daemon Server] - 2025-03-07T06:07:40.919Z - [REQUEST]: Responding to the client. handleGetEstimatedTaskTimings
[NX v20.5.0 Daemon Server] - 2025-03-07T06:07:40.919Z - Done responding to the client handleGetEstimatedTaskTimings
[NX v20.5.0 Daemon Server] - 2025-03-07T06:07:40.919Z - Handled GET_ESTIMATED_TASK_TIMINGS. Handling time: 1. Response time: 0.
[NX v20.5.0 Daemon Server] - 2025-03-07T06:07:42.828Z - [REQUEST]: Responding to the client. recordOutputsHash
[NX v20.5.0 Daemon Server] - 2025-03-07T06:07:42.828Z - Done responding to the client recordOutputsHash
[NX v20.5.0 Daemon Server] - 2025-03-07T06:07:42.828Z - Handled RECORD_OUTPUTS_HASH. Handling time: 5. Response time: 0.
[NX v20.5.0 Daemon Server] - 2025-03-07T06:07:42.844Z - [WATCHER]: Processing file changes in outputs
[NX v20.5.0 Daemon Server] - 2025-03-07T06:07:44.672Z - [WATCHER]: Processing file changes in outputs
[NX v20.5.0 Daemon Server] - 2025-03-07T06:07:44.717Z - [REQUEST]: Responding to the client. recordOutputsHash
[NX v20.5.0 Daemon Server] - 2025-03-07T06:07:44.717Z - Done responding to the client recordOutputsHash
[NX v20.5.0 Daemon Server] - 2025-03-07T06:07:44.717Z - Handled RECORD_OUTPUTS_HASH. Handling time: 3. Response time: 0.
[NX v20.5.0 Daemon Server] - 2025-03-07T06:07:44.721Z - [REQUEST]: Responding to the client. handleRecordTaskRuns
[NX v20.5.0 Daemon Server] - 2025-03-07T06:07:44.721Z - Done responding to the client handleRecordTaskRuns
[NX v20.5.0 Daemon Server] - 2025-03-07T06:07:44.721Z - Handled RECORD_TASK_RUNS. Handling time: 2. Response time: 0.
[NX v20.5.0 Daemon Server] - 2025-03-07T06:07:44.721Z - [REQUEST]: Responding to the client. handleGetFlakyTasks
[NX v20.5.0 Daemon Server] - 2025-03-07T06:07:44.721Z - Done responding to the client handleGetFlakyTasks
[NX v20.5.0 Daemon Server] - 2025-03-07T06:07:44.721Z - Handled GET_FLAKY_TASKS. Handling time: 0. Response time: 0.
[NX v20.5.0 Daemon Server] - 2025-03-07T06:07:44.917Z - [REQUEST]: Responding to the client. handleRunPostTasksExecution
[NX v20.5.0 Daemon Server] - 2025-03-07T06:07:44.917Z - Done responding to the client handleRunPostTasksExecution
[NX v20.5.0 Daemon Server] - 2025-03-07T06:07:44.917Z - Handled POST_TASKS_EXECUTION. Handling time: 0. Response time: 0.
[NX v20.5.0 Daemon Server] - 2025-03-07T06:07:44.918Z - Time taken for 'postTasksExecution' 0.1320659999992131ms
[NX v20.5.0 Daemon Server] - 2025-03-07T06:07:44.926Z - Closed a connection. Number of open connections: 0
[NX v20.5.0 Daemon Server] - 2025-03-07T06:07:55.474Z - Established a connection. Number of open connections: 1
[NX v20.5.0 Daemon Server] - 2025-03-07T06:07:55.476Z - Closed a connection. Number of open connections: 0
[NX v20.5.0 Daemon Server] - 2025-03-07T06:07:55.476Z - Established a connection. Number of open connections: 1
[NX v20.5.0 Daemon Server] - 2025-03-07T06:07:55.477Z - [REQUEST]: Client Request for Project Graph Received
[NX v20.5.0 Daemon Server] - 2025-03-07T06:07:55.477Z - [REQUEST]: Responding to the client. project-graph
[NX v20.5.0 Daemon Server] - 2025-03-07T06:07:55.477Z - Time taken for 'total for creating and serializing project graph' 0.13486199999897508ms
[NX v20.5.0 Daemon Server] - 2025-03-07T06:07:55.477Z - Done responding to the client project-graph
[NX v20.5.0 Daemon Server] - 2025-03-07T06:07:55.477Z - Handled REQUEST_PROJECT_GRAPH. Handling time: 0. Response time: 0.
[NX v20.5.0 Daemon Server] - 2025-03-07T06:07:55.481Z - [REQUEST]: Responding to the client. handleContextFileData
[NX v20.5.0 Daemon Server] - 2025-03-07T06:07:55.481Z - Done responding to the client handleContextFileData
[NX v20.5.0 Daemon Server] - 2025-03-07T06:07:55.481Z - Handled GET_CONTEXT_FILE_DATA. Handling time: 0. Response time: 0.
[NX v20.5.0 Daemon Server] - 2025-03-07T06:07:55.499Z - [REQUEST]: Client Request for Project Graph Received
[NX v20.5.0 Daemon Server] - 2025-03-07T06:07:55.499Z - [REQUEST]: Responding to the client. project-graph
[NX v20.5.0 Daemon Server] - 2025-03-07T06:07:55.499Z - Time taken for 'total for creating and serializing project graph' 0.2139100000003964ms
[NX v20.5.0 Daemon Server] - 2025-03-07T06:07:55.500Z - Done responding to the client project-graph
[NX v20.5.0 Daemon Server] - 2025-03-07T06:07:55.500Z - Handled REQUEST_PROJECT_GRAPH. Handling time: 0. Response time: 1.
[NX v20.5.0 Daemon Server] - 2025-03-07T06:07:55.502Z - [REQUEST]: Responding to the client. handleRunPreTasksExecution
[NX v20.5.0 Daemon Server] - 2025-03-07T06:07:55.502Z - Done responding to the client handleRunPreTasksExecution
[NX v20.5.0 Daemon Server] - 2025-03-07T06:07:55.502Z - Handled PRE_TASKS_EXECUTION. Handling time: 0. Response time: 0.
[NX v20.5.0 Daemon Server] - 2025-03-07T06:07:55.502Z - Time taken for 'preTasksExecution' 0.09636000000136846ms
[NX v20.5.0 Daemon Server] - 2025-03-07T06:07:55.509Z - [REQUEST]: Responding to the client. handleHashTasks
[NX v20.5.0 Daemon Server] - 2025-03-07T06:07:55.510Z - Done responding to the client handleHashTasks
[NX v20.5.0 Daemon Server] - 2025-03-07T06:07:55.510Z - Handled HASH_TASKS. Handling time: 2. Response time: 1.
[NX v20.5.0 Daemon Server] - 2025-03-07T06:07:55.526Z - [REQUEST]: Responding to the client. handleGetEstimatedTaskTimings
[NX v20.5.0 Daemon Server] - 2025-03-07T06:07:55.526Z - Done responding to the client handleGetEstimatedTaskTimings
[NX v20.5.0 Daemon Server] - 2025-03-07T06:07:55.526Z - Handled GET_ESTIMATED_TASK_TIMINGS. Handling time: 1. Response time: 0.
[NX v20.5.0 Daemon Server] - 2025-03-07T06:07:55.531Z - [REQUEST]: Responding to the client. outputsHashesMatch
[NX v20.5.0 Daemon Server] - 2025-03-07T06:07:55.531Z - Done responding to the client outputsHashesMatch
[NX v20.5.0 Daemon Server] - 2025-03-07T06:07:55.531Z - Handled OUTPUTS_HASHES_MATCH. Handling time: 2. Response time: 0.
[NX v20.5.0 Daemon Server] - 2025-03-07T06:07:55.534Z - [REQUEST]: Responding to the client. recordOutputsHash
[NX v20.5.0 Daemon Server] - 2025-03-07T06:07:55.534Z - Done responding to the client recordOutputsHash
[NX v20.5.0 Daemon Server] - 2025-03-07T06:07:55.534Z - Handled RECORD_OUTPUTS_HASH. Handling time: 3. Response time: 0.
[NX v20.5.0 Daemon Server] - 2025-03-07T06:07:55.541Z - [REQUEST]: Responding to the client. outputsHashesMatch
[NX v20.5.0 Daemon Server] - 2025-03-07T06:07:55.541Z - Done responding to the client outputsHashesMatch
[NX v20.5.0 Daemon Server] - 2025-03-07T06:07:55.541Z - Handled OUTPUTS_HASHES_MATCH. Handling time: 2. Response time: 0.
[NX v20.5.0 Daemon Server] - 2025-03-07T06:07:55.543Z - [REQUEST]: Responding to the client. recordOutputsHash
[NX v20.5.0 Daemon Server] - 2025-03-07T06:07:55.543Z - Done responding to the client recordOutputsHash
[NX v20.5.0 Daemon Server] - 2025-03-07T06:07:55.543Z - Handled RECORD_OUTPUTS_HASH. Handling time: 1. Response time: 0.
[NX v20.5.0 Daemon Server] - 2025-03-07T06:07:55.545Z - [REQUEST]: Responding to the client. handleRecordTaskRuns
[NX v20.5.0 Daemon Server] - 2025-03-07T06:07:55.546Z - Done responding to the client handleRecordTaskRuns
[NX v20.5.0 Daemon Server] - 2025-03-07T06:07:55.546Z - Handled RECORD_TASK_RUNS. Handling time: 0. Response time: 1.
[NX v20.5.0 Daemon Server] - 2025-03-07T06:07:55.546Z - [REQUEST]: Responding to the client. handleGetFlakyTasks
[NX v20.5.0 Daemon Server] - 2025-03-07T06:07:55.546Z - Done responding to the client handleGetFlakyTasks
[NX v20.5.0 Daemon Server] - 2025-03-07T06:07:55.546Z - Handled GET_FLAKY_TASKS. Handling time: 0. Response time: 0.
[NX v20.5.0 Daemon Server] - 2025-03-07T06:07:55.739Z - [REQUEST]: Responding to the client. handleRunPostTasksExecution
[NX v20.5.0 Daemon Server] - 2025-03-07T06:07:55.739Z - Done responding to the client handleRunPostTasksExecution
[NX v20.5.0 Daemon Server] - 2025-03-07T06:07:55.739Z - Handled POST_TASKS_EXECUTION. Handling time: 0. Response time: 0.
[NX v20.5.0 Daemon Server] - 2025-03-07T06:07:55.739Z - Time taken for 'postTasksExecution' 0.09541799999897194ms
[NX v20.5.0 Daemon Server] - 2025-03-07T06:07:55.748Z - Closed a connection. Number of open connections: 0
[NX v20.5.0 Daemon Server] - 2025-03-07T06:15:56.875Z - [WATCHER]: lerna.json was modified
[NX v20.5.0 Daemon Server] - 2025-03-07T06:15:56.875Z - [WATCHER]: Processing file changes in outputs
[NX v20.5.0 Daemon Server] - 2025-03-07T06:15:56.976Z - [REQUEST]: Updated workspace context based on watched changes, recomputing project graph...
[NX v20.5.0 Daemon Server] - 2025-03-07T06:15:56.976Z - [REQUEST]: lerna.json
[NX v20.5.0 Daemon Server] - 2025-03-07T06:15:56.976Z - [REQUEST]: 
[NX v20.5.0 Daemon Server] - 2025-03-07T06:15:56.987Z - [SYNC]: collect registered sync generators
[NX v20.5.0 Daemon Server] - 2025-03-07T06:15:56.988Z - [SYNC]: project graph hash is the same, not collecting task sync generators
[NX v20.5.0 Daemon Server] - 2025-03-07T06:15:56.988Z - [SYNC]: nx.json hash is the same, not collecting global sync generators
[NX v20.5.0 Daemon Server] - 2025-03-07T06:15:56.988Z - Time taken for 'hash changed files from watcher' 0.06909900001483038ms
[NX v20.5.0 Daemon Server] - 2025-03-07T06:15:59.479Z - [WATCHER]: _tmp_99198_06a7fb3cee59ed6e645dae7d01c99705 was deleted
[NX v20.5.0 Daemon Server] - 2025-03-07T06:15:59.479Z - [WATCHER]: Processing file changes in outputs
[NX v20.5.0 Daemon Server] - 2025-03-07T06:15:59.679Z - [REQUEST]: Updated workspace context based on watched changes, recomputing project graph...
[NX v20.5.0 Daemon Server] - 2025-03-07T06:15:59.679Z - [REQUEST]: 
[NX v20.5.0 Daemon Server] - 2025-03-07T06:15:59.679Z - [REQUEST]: _tmp_99198_06a7fb3cee59ed6e645dae7d01c99705
[NX v20.5.0 Daemon Server] - 2025-03-07T06:15:59.691Z - [SYNC]: collect registered sync generators
[NX v20.5.0 Daemon Server] - 2025-03-07T06:15:59.691Z - [SYNC]: project graph hash is the same, not collecting task sync generators
[NX v20.5.0 Daemon Server] - 2025-03-07T06:15:59.691Z - [SYNC]: nx.json hash is the same, not collecting global sync generators
[NX v20.5.0 Daemon Server] - 2025-03-07T06:15:59.692Z - Time taken for 'hash changed files from watcher' 0.06649400002788752ms
[NX v20.5.0 Daemon Server] - 2025-03-07T06:16:01.148Z - [WATCHER]: 1 file(s) created or restored, 0 file(s) modified, 1 file(s) deleted
[NX v20.5.0 Daemon Server] - 2025-03-07T06:16:01.148Z - [WATCHER]: Processing file changes in outputs
[NX v20.5.0 Daemon Server] - 2025-03-07T06:16:01.248Z - [REQUEST]: Updated workspace context based on watched changes, recomputing project graph...
[NX v20.5.0 Daemon Server] - 2025-03-07T06:16:01.248Z - [REQUEST]: pnpm-lock.yaml
[NX v20.5.0 Daemon Server] - 2025-03-07T06:16:01.248Z - [REQUEST]: pnpm-lock.yaml.469173986
[NX v20.5.0 Daemon Server] - 2025-03-07T06:16:01.259Z - [SYNC]: collect registered sync generators
[NX v20.5.0 Daemon Server] - 2025-03-07T06:16:01.259Z - [SYNC]: project graph hash is the same, not collecting task sync generators
[NX v20.5.0 Daemon Server] - 2025-03-07T06:16:01.259Z - [SYNC]: nx.json hash is the same, not collecting global sync generators
[NX v20.5.0 Daemon Server] - 2025-03-07T06:16:01.259Z - Time taken for 'hash changed files from watcher' 0.12438300001667812ms
[NX v20.5.0 Daemon Server] - 2025-03-07T06:16:20.807Z - Established a connection. Number of open connections: 1
[NX v20.5.0 Daemon Server] - 2025-03-07T06:16:20.811Z - Closed a connection. Number of open connections: 0
[NX v20.5.0 Daemon Server] - 2025-03-07T06:16:20.811Z - Established a connection. Number of open connections: 1
[NX v20.5.0 Daemon Server] - 2025-03-07T06:16:20.812Z - [REQUEST]: Client Request for Project Graph Received
[NX v20.5.0 Daemon Server] - 2025-03-07T06:16:20.812Z - [REQUEST]: Responding to the client. project-graph
[NX v20.5.0 Daemon Server] - 2025-03-07T06:16:20.812Z - Time taken for 'total for creating and serializing project graph' 0.13866900000721216ms
[NX v20.5.0 Daemon Server] - 2025-03-07T06:16:20.813Z - Done responding to the client project-graph
[NX v20.5.0 Daemon Server] - 2025-03-07T06:16:20.813Z - Handled REQUEST_PROJECT_GRAPH. Handling time: 0. Response time: 1.
[NX v20.5.0 Daemon Server] - 2025-03-07T06:16:20.816Z - [REQUEST]: Responding to the client. handleContextFileData
[NX v20.5.0 Daemon Server] - 2025-03-07T06:16:20.817Z - Done responding to the client handleContextFileData
[NX v20.5.0 Daemon Server] - 2025-03-07T06:16:20.817Z - Handled GET_CONTEXT_FILE_DATA. Handling time: 0. Response time: 1.
[NX v20.5.0 Daemon Server] - 2025-03-07T06:16:20.838Z - Closed a connection. Number of open connections: 0
[NX v20.5.0 Daemon Server] - 2025-03-07T06:17:41.932Z - Established a connection. Number of open connections: 1
[NX v20.5.0 Daemon Server] - 2025-03-07T06:17:41.934Z - Closed a connection. Number of open connections: 0
[NX v20.5.0 Daemon Server] - 2025-03-07T06:17:41.934Z - Established a connection. Number of open connections: 1
[NX v20.5.0 Daemon Server] - 2025-03-07T06:17:41.935Z - [REQUEST]: Client Request for Project Graph Received
[NX v20.5.0 Daemon Server] - 2025-03-07T06:17:41.935Z - [REQUEST]: Responding to the client. project-graph
[NX v20.5.0 Daemon Server] - 2025-03-07T06:17:41.935Z - Time taken for 'total for creating and serializing project graph' 0.12446299998555332ms
[NX v20.5.0 Daemon Server] - 2025-03-07T06:17:41.936Z - Done responding to the client project-graph
[NX v20.5.0 Daemon Server] - 2025-03-07T06:17:41.936Z - Handled REQUEST_PROJECT_GRAPH. Handling time: 0. Response time: 1.
[NX v20.5.0 Daemon Server] - 2025-03-07T06:17:41.939Z - [REQUEST]: Responding to the client. handleContextFileData
[NX v20.5.0 Daemon Server] - 2025-03-07T06:17:41.939Z - Done responding to the client handleContextFileData
[NX v20.5.0 Daemon Server] - 2025-03-07T06:17:41.939Z - Handled GET_CONTEXT_FILE_DATA. Handling time: 0. Response time: 0.
[NX v20.5.0 Daemon Server] - 2025-03-07T06:17:41.957Z - [REQUEST]: Client Request for Project Graph Received
[NX v20.5.0 Daemon Server] - 2025-03-07T06:17:41.958Z - [REQUEST]: Responding to the client. project-graph
[NX v20.5.0 Daemon Server] - 2025-03-07T06:17:41.958Z - Time taken for 'total for creating and serializing project graph' 0.19718899996951222ms
[NX v20.5.0 Daemon Server] - 2025-03-07T06:17:41.958Z - Done responding to the client project-graph
[NX v20.5.0 Daemon Server] - 2025-03-07T06:17:41.958Z - Handled REQUEST_PROJECT_GRAPH. Handling time: 1. Response time: 0.
[NX v20.5.0 Daemon Server] - 2025-03-07T06:17:41.961Z - [REQUEST]: Responding to the client. handleRunPreTasksExecution
[NX v20.5.0 Daemon Server] - 2025-03-07T06:17:41.961Z - Done responding to the client handleRunPreTasksExecution
[NX v20.5.0 Daemon Server] - 2025-03-07T06:17:41.961Z - Handled PRE_TASKS_EXECUTION. Handling time: 0. Response time: 0.
[NX v20.5.0 Daemon Server] - 2025-03-07T06:17:41.961Z - Time taken for 'preTasksExecution' 0.06842700007837266ms
[NX v20.5.0 Daemon Server] - 2025-03-07T06:17:41.971Z - [REQUEST]: Responding to the client. handleHashTasks
[NX v20.5.0 Daemon Server] - 2025-03-07T06:17:41.971Z - Done responding to the client handleHashTasks
[NX v20.5.0 Daemon Server] - 2025-03-07T06:17:41.971Z - Handled HASH_TASKS. Handling time: 5. Response time: 0.
[NX v20.5.0 Daemon Server] - 2025-03-07T06:17:41.986Z - [REQUEST]: Responding to the client. handleGetEstimatedTaskTimings
[NX v20.5.0 Daemon Server] - 2025-03-07T06:17:41.986Z - Done responding to the client handleGetEstimatedTaskTimings
[NX v20.5.0 Daemon Server] - 2025-03-07T06:17:41.986Z - Handled GET_ESTIMATED_TASK_TIMINGS. Handling time: 0. Response time: 0.
[NX v20.5.0 Daemon Server] - 2025-03-07T06:17:41.994Z - [REQUEST]: Responding to the client. outputsHashesMatch
[NX v20.5.0 Daemon Server] - 2025-03-07T06:17:41.994Z - Done responding to the client outputsHashesMatch
[NX v20.5.0 Daemon Server] - 2025-03-07T06:17:41.994Z - Handled OUTPUTS_HASHES_MATCH. Handling time: 3. Response time: 0.
[NX v20.5.0 Daemon Server] - 2025-03-07T06:17:41.996Z - [REQUEST]: Responding to the client. recordOutputsHash
[NX v20.5.0 Daemon Server] - 2025-03-07T06:17:41.996Z - Done responding to the client recordOutputsHash
[NX v20.5.0 Daemon Server] - 2025-03-07T06:17:41.996Z - Handled RECORD_OUTPUTS_HASH. Handling time: 2. Response time: 0.
[NX v20.5.0 Daemon Server] - 2025-03-07T06:17:42.000Z - [REQUEST]: Responding to the client. outputsHashesMatch
[NX v20.5.0 Daemon Server] - 2025-03-07T06:17:42.000Z - Done responding to the client outputsHashesMatch
[NX v20.5.0 Daemon Server] - 2025-03-07T06:17:42.000Z - Handled OUTPUTS_HASHES_MATCH. Handling time: 1. Response time: 0.
[NX v20.5.0 Daemon Server] - 2025-03-07T06:17:42.003Z - [REQUEST]: Responding to the client. recordOutputsHash
[NX v20.5.0 Daemon Server] - 2025-03-07T06:17:42.003Z - Done responding to the client recordOutputsHash
[NX v20.5.0 Daemon Server] - 2025-03-07T06:17:42.003Z - Handled RECORD_OUTPUTS_HASH. Handling time: 2. Response time: 0.
[NX v20.5.0 Daemon Server] - 2025-03-07T06:17:42.006Z - [REQUEST]: Responding to the client. handleRecordTaskRuns
[NX v20.5.0 Daemon Server] - 2025-03-07T06:17:42.006Z - Done responding to the client handleRecordTaskRuns
[NX v20.5.0 Daemon Server] - 2025-03-07T06:17:42.006Z - Handled RECORD_TASK_RUNS. Handling time: 1. Response time: 0.
[NX v20.5.0 Daemon Server] - 2025-03-07T06:17:42.006Z - [REQUEST]: Responding to the client. handleGetFlakyTasks
[NX v20.5.0 Daemon Server] - 2025-03-07T06:17:42.006Z - Done responding to the client handleGetFlakyTasks
[NX v20.5.0 Daemon Server] - 2025-03-07T06:17:42.006Z - Handled GET_FLAKY_TASKS. Handling time: 0. Response time: 0.
[NX v20.5.0 Daemon Server] - 2025-03-07T06:17:42.207Z - [REQUEST]: Responding to the client. handleRunPostTasksExecution
[NX v20.5.0 Daemon Server] - 2025-03-07T06:17:42.207Z - Done responding to the client handleRunPostTasksExecution
[NX v20.5.0 Daemon Server] - 2025-03-07T06:17:42.207Z - Handled POST_TASKS_EXECUTION. Handling time: 1. Response time: 0.
[NX v20.5.0 Daemon Server] - 2025-03-07T06:17:42.207Z - Time taken for 'postTasksExecution' 0.09755200007930398ms
[NX v20.5.0 Daemon Server] - 2025-03-07T06:17:42.218Z - Closed a connection. Number of open connections: 0
[NX v20.5.0 Daemon Server] - 2025-03-07T06:17:48.312Z - [WATCHER]: 1 file(s) created or restored, 0 file(s) modified, 1 file(s) deleted
[NX v20.5.0 Daemon Server] - 2025-03-07T06:17:48.312Z - [WATCHER]: Processing file changes in outputs
[NX v20.5.0 Daemon Server] - 2025-03-07T06:17:48.412Z - [REQUEST]: Updated workspace context based on watched changes, recomputing project graph...
[NX v20.5.0 Daemon Server] - 2025-03-07T06:17:48.412Z - [REQUEST]: 
[NX v20.5.0 Daemon Server] - 2025-03-07T06:17:48.412Z - [REQUEST]: packages/vite-plugin-externals
[NX v20.5.0 Daemon Server] - 2025-03-07T06:17:48.424Z - [SYNC]: collect registered sync generators
[NX v20.5.0 Daemon Server] - 2025-03-07T06:17:48.424Z - [SYNC]: nx.json hash is the same, not collecting global sync generators
[NX v20.5.0 Daemon Server] - 2025-03-07T06:17:48.424Z - Time taken for 'hash changed files from watcher' 0.06834800005890429ms
[NX v20.5.0 Daemon Server] - 2025-03-07T06:17:50.795Z - [WATCHER]: packages/vite-plugin-externals was created or restored
[NX v20.5.0 Daemon Server] - 2025-03-07T06:17:50.795Z - [WATCHER]: Processing file changes in outputs
[NX v20.5.0 Daemon Server] - 2025-03-07T06:17:50.996Z - [REQUEST]: Updated workspace context based on watched changes, recomputing project graph...
[NX v20.5.0 Daemon Server] - 2025-03-07T06:17:50.996Z - [REQUEST]: 
[NX v20.5.0 Daemon Server] - 2025-03-07T06:17:50.996Z - [REQUEST]: 
[NX v20.5.0 Daemon Server] - 2025-03-07T06:17:51.006Z - [SYNC]: collect registered sync generators
[NX v20.5.0 Daemon Server] - 2025-03-07T06:17:51.006Z - [SYNC]: project graph hash is the same, not collecting task sync generators
[NX v20.5.0 Daemon Server] - 2025-03-07T06:17:51.006Z - [SYNC]: nx.json hash is the same, not collecting global sync generators
[NX v20.5.0 Daemon Server] - 2025-03-07T06:17:51.007Z - Time taken for 'hash changed files from watcher' 0.05848899995908141ms
[NX v20.5.0 Daemon Server] - 2025-03-07T06:18:33.059Z - [WATCHER]: packages/stream/package.json was modified
[NX v20.5.0 Daemon Server] - 2025-03-07T06:18:33.059Z - [WATCHER]: Processing file changes in outputs
[NX v20.5.0 Daemon Server] - 2025-03-07T06:18:33.458Z - [REQUEST]: Updated workspace context based on watched changes, recomputing project graph...
[NX v20.5.0 Daemon Server] - 2025-03-07T06:18:33.458Z - [REQUEST]: packages/stream/package.json
[NX v20.5.0 Daemon Server] - 2025-03-07T06:18:33.458Z - [REQUEST]: 
[NX v20.5.0 Daemon Server] - 2025-03-07T06:18:33.470Z - [SYNC]: collect registered sync generators
[NX v20.5.0 Daemon Server] - 2025-03-07T06:18:33.471Z - [SYNC]: nx.json hash is the same, not collecting global sync generators
[NX v20.5.0 Daemon Server] - 2025-03-07T06:18:33.471Z - Time taken for 'hash changed files from watcher' 0.095649000024423ms
[NX v20.5.0 Daemon Server] - 2025-03-07T06:20:34.442Z - [WATCHER]: packages/stream/package.json was modified
[NX v20.5.0 Daemon Server] - 2025-03-07T06:20:34.442Z - [WATCHER]: Processing file changes in outputs
[NX v20.5.0 Daemon Server] - 2025-03-07T06:20:35.242Z - [REQUEST]: Updated workspace context based on watched changes, recomputing project graph...
[NX v20.5.0 Daemon Server] - 2025-03-07T06:20:35.242Z - [REQUEST]: packages/stream/package.json
[NX v20.5.0 Daemon Server] - 2025-03-07T06:20:35.242Z - [REQUEST]: 
[NX v20.5.0 Daemon Server] - 2025-03-07T06:20:35.253Z - [SYNC]: collect registered sync generators
[NX v20.5.0 Daemon Server] - 2025-03-07T06:20:35.253Z - [SYNC]: project graph hash is the same, not collecting task sync generators
[NX v20.5.0 Daemon Server] - 2025-03-07T06:20:35.253Z - [SYNC]: nx.json hash is the same, not collecting global sync generators
[NX v20.5.0 Daemon Server] - 2025-03-07T06:20:35.253Z - Time taken for 'hash changed files from watcher' 0.07271600002422929ms
[NX v20.5.0 Daemon Server] - 2025-03-07T06:21:23.159Z - Established a connection. Number of open connections: 1
[NX v20.5.0 Daemon Server] - 2025-03-07T06:21:23.159Z - Closed a connection. Number of open connections: 0
[NX v20.5.0 Daemon Server] - 2025-03-07T06:21:23.160Z - Established a connection. Number of open connections: 1
[NX v20.5.0 Daemon Server] - 2025-03-07T06:21:23.160Z - [REQUEST]: Client Request for Project Graph Received
[NX v20.5.0 Daemon Server] - 2025-03-07T06:21:23.160Z - [REQUEST]: Responding to the client. project-graph
[NX v20.5.0 Daemon Server] - 2025-03-07T06:21:23.161Z - Time taken for 'total for creating and serializing project graph' 0.1801269999705255ms
[NX v20.5.0 Daemon Server] - 2025-03-07T06:21:23.161Z - Done responding to the client project-graph
[NX v20.5.0 Daemon Server] - 2025-03-07T06:21:23.161Z - Handled REQUEST_PROJECT_GRAPH. Handling time: 0. Response time: 1.
[NX v20.5.0 Daemon Server] - 2025-03-07T06:21:23.167Z - [REQUEST]: Responding to the client. handleContextFileData
[NX v20.5.0 Daemon Server] - 2025-03-07T06:21:23.167Z - Done responding to the client handleContextFileData
[NX v20.5.0 Daemon Server] - 2025-03-07T06:21:23.167Z - Handled GET_CONTEXT_FILE_DATA. Handling time: 0. Response time: 0.
[NX v20.5.0 Daemon Server] - 2025-03-07T06:21:26.433Z - Closed a connection. Number of open connections: 0
[NX v20.5.0 Daemon Server] - 2025-03-07T06:21:39.704Z - [WATCHER]: packages/compose-solid/package.json was modified
[NX v20.5.0 Daemon Server] - 2025-03-07T06:21:39.704Z - [WATCHER]: Processing file changes in outputs
[NX v20.5.0 Daemon Server] - 2025-03-07T06:21:39.804Z - [REQUEST]: Updated workspace context based on watched changes, recomputing project graph...
[NX v20.5.0 Daemon Server] - 2025-03-07T06:21:39.804Z - [REQUEST]: packages/compose-solid/package.json
[NX v20.5.0 Daemon Server] - 2025-03-07T06:21:39.804Z - [REQUEST]: 
[NX v20.5.0 Daemon Server] - 2025-03-07T06:21:39.814Z - [SYNC]: collect registered sync generators
[NX v20.5.0 Daemon Server] - 2025-03-07T06:21:39.814Z - [SYNC]: project graph hash is the same, not collecting task sync generators
[NX v20.5.0 Daemon Server] - 2025-03-07T06:21:39.815Z - [SYNC]: nx.json hash is the same, not collecting global sync generators
[NX v20.5.0 Daemon Server] - 2025-03-07T06:21:39.815Z - Time taken for 'hash changed files from watcher' 0.07705399999395013ms
[NX v20.5.0 Daemon Server] - 2025-03-07T06:21:41.354Z - Established a connection. Number of open connections: 1
[NX v20.5.0 Daemon Server] - 2025-03-07T06:21:41.354Z - Closed a connection. Number of open connections: 0
[NX v20.5.0 Daemon Server] - 2025-03-07T06:21:41.355Z - Established a connection. Number of open connections: 1
[NX v20.5.0 Daemon Server] - 2025-03-07T06:21:41.355Z - [REQUEST]: Client Request for Project Graph Received
[NX v20.5.0 Daemon Server] - 2025-03-07T06:21:41.355Z - [REQUEST]: Responding to the client. project-graph
[NX v20.5.0 Daemon Server] - 2025-03-07T06:21:41.356Z - Time taken for 'total for creating and serializing project graph' 0.1952949999831617ms
[NX v20.5.0 Daemon Server] - 2025-03-07T06:21:41.356Z - Done responding to the client project-graph
[NX v20.5.0 Daemon Server] - 2025-03-07T06:21:41.356Z - Handled REQUEST_PROJECT_GRAPH. Handling time: 0. Response time: 1.
[NX v20.5.0 Daemon Server] - 2025-03-07T06:21:41.360Z - [REQUEST]: Responding to the client. handleContextFileData
[NX v20.5.0 Daemon Server] - 2025-03-07T06:21:41.360Z - Done responding to the client handleContextFileData
[NX v20.5.0 Daemon Server] - 2025-03-07T06:21:41.360Z - Handled GET_CONTEXT_FILE_DATA. Handling time: 0. Response time: 0.
[NX v20.5.0 Daemon Server] - 2025-03-07T06:21:44.583Z - Closed a connection. Number of open connections: 0
[NX v20.5.0 Daemon Server] - 2025-03-07T06:22:01.525Z - Established a connection. Number of open connections: 1
[NX v20.5.0 Daemon Server] - 2025-03-07T06:22:01.526Z - Closed a connection. Number of open connections: 0
[NX v20.5.0 Daemon Server] - 2025-03-07T06:22:01.526Z - Established a connection. Number of open connections: 1
[NX v20.5.0 Daemon Server] - 2025-03-07T06:22:01.527Z - [REQUEST]: Client Request for Project Graph Received
[NX v20.5.0 Daemon Server] - 2025-03-07T06:22:01.527Z - [REQUEST]: Responding to the client. project-graph
[NX v20.5.0 Daemon Server] - 2025-03-07T06:22:01.527Z - Time taken for 'total for creating and serializing project graph' 0.14290700003039092ms
[NX v20.5.0 Daemon Server] - 2025-03-07T06:22:01.528Z - Done responding to the client project-graph
[NX v20.5.0 Daemon Server] - 2025-03-07T06:22:01.528Z - Handled REQUEST_PROJECT_GRAPH. Handling time: 0. Response time: 1.
[NX v20.5.0 Daemon Server] - 2025-03-07T06:22:01.531Z - [REQUEST]: Responding to the client. handleContextFileData
[NX v20.5.0 Daemon Server] - 2025-03-07T06:22:01.531Z - Done responding to the client handleContextFileData
[NX v20.5.0 Daemon Server] - 2025-03-07T06:22:01.531Z - Handled GET_CONTEXT_FILE_DATA. Handling time: 0. Response time: 0.
[NX v20.5.0 Daemon Server] - 2025-03-07T06:22:04.826Z - Closed a connection. Number of open connections: 0
[NX v20.5.0 Daemon Server] - 2025-03-07T06:22:21.180Z - [WATCHER]: .gitignore was modified
[NX v20.5.0 Daemon Server] - 2025-03-07T06:22:21.181Z - [WATCHER]: Processing file changes in outputs
[NX v20.5.0 Daemon Server] - 2025-03-07T06:22:21.181Z - [WATCHER]: Stopping the watcher for /home/waynevanson/code/waynevanson/js (sources)
[NX v20.5.0 Daemon Server] - 2025-03-07T06:22:21.181Z - [WATCHER]: Stopping the watcher for /home/waynevanson/code/waynevanson/js (outputs)
[NX v20.5.0 Daemon Server] - 2025-03-07T06:22:21.184Z - Server stopped because: "Stopping the daemon the set of ignored files changed (native)"
[NX v20.5.0 Daemon Server] - 2025-03-07T06:22:39.012Z - Started listening on: /tmp/nix-shell.h1KYWK/42e25451e37e435b5d84/d.sock
[NX v20.5.0 Daemon Server] - 2025-03-07T06:22:39.013Z - [WATCHER]: Subscribed to changes within: /home/waynevanson/code/waynevanson/js (native)
[NX v20.5.0 Daemon Server] - 2025-03-07T06:22:39.020Z - Established a connection. Number of open connections: 1
[NX v20.5.0 Daemon Server] - 2025-03-07T06:22:39.020Z - Established a connection. Number of open connections: 2
[NX v20.5.0 Daemon Server] - 2025-03-07T06:22:39.022Z - Closed a connection. Number of open connections: 1
[NX v20.5.0 Daemon Server] - 2025-03-07T06:22:39.022Z - [REQUEST]: Client Request for Project Graph Received
[NX v20.5.0 Daemon Server] - 2025-03-07T06:22:39.029Z - [REQUEST]: Updated workspace context based on watched changes, recomputing project graph...
[NX v20.5.0 Daemon Server] - 2025-03-07T06:22:39.029Z - [REQUEST]: 
[NX v20.5.0 Daemon Server] - 2025-03-07T06:22:39.030Z - [REQUEST]: 
[NX v20.5.0 Daemon Server] - 2025-03-07T06:22:39.279Z - [SYNC]: collect registered sync generators
[NX v20.5.0 Daemon Server] - 2025-03-07T06:22:39.280Z - [REQUEST]: Responding to the client. project-graph
[NX v20.5.0 Daemon Server] - 2025-03-07T06:22:39.280Z - Time taken for 'total for creating and serializing project graph' 257.16145800000004ms
[NX v20.5.0 Daemon Server] - 2025-03-07T06:22:39.281Z - Done responding to the client project-graph
[NX v20.5.0 Daemon Server] - 2025-03-07T06:22:39.281Z - Handled REQUEST_PROJECT_GRAPH. Handling time: 258. Response time: 1.
[NX v20.5.0 Daemon Server] - 2025-03-07T06:22:39.287Z - [REQUEST]: Responding to the client. handleContextFileData
[NX v20.5.0 Daemon Server] - 2025-03-07T06:22:39.287Z - Done responding to the client handleContextFileData
[NX v20.5.0 Daemon Server] - 2025-03-07T06:22:39.287Z - Handled GET_CONTEXT_FILE_DATA. Handling time: 1. Response time: 0.
[NX v20.5.0 Daemon Server] - 2025-03-07T06:22:42.352Z - Closed a connection. Number of open connections: 0
[NX v20.5.0 Daemon Server] - 2025-03-07T06:23:25.416Z - [WATCHER]: tsconfig.json was modified
[NX v20.5.0 Daemon Server] - 2025-03-07T06:23:25.416Z - [WATCHER]: Processing file changes in outputs
[NX v20.5.0 Daemon Server] - 2025-03-07T06:23:25.517Z - [REQUEST]: Updated workspace context based on watched changes, recomputing project graph...
[NX v20.5.0 Daemon Server] - 2025-03-07T06:23:25.517Z - [REQUEST]: tsconfig.json
[NX v20.5.0 Daemon Server] - 2025-03-07T06:23:25.517Z - [REQUEST]: 
[NX v20.5.0 Daemon Server] - 2025-03-07T06:23:25.531Z - [SYNC]: collect registered sync generators
[NX v20.5.0 Daemon Server] - 2025-03-07T06:23:25.531Z - [SYNC]: project graph hash is the same, not collecting task sync generators
[NX v20.5.0 Daemon Server] - 2025-03-07T06:23:25.531Z - [SYNC]: nx.json hash is the same, not collecting global sync generators
[NX v20.5.0 Daemon Server] - 2025-03-07T06:23:25.532Z - Time taken for 'hash changed files from watcher' 0.13701600000058534ms
